[2020-12-25 11:36:36,615] INFO [audit] - /connectionTypes | GET | 200 | 0.001 | 2020-12-25 11:36:35.883 | 2020-12-25 11:36:36.615 | Success
[2020-12-25 11:36:47,420] INFO [audit] - /connectionTypes/database | GET | 200 | 0.0 | 2020-12-25 11:36:47.356 | 2020-12-25 11:36:47.420 | Success
[2020-12-25 11:36:54,588] INFO [audit] - /connectionTypes/database/postgreSql | GET | 200 | 0.0 | 2020-12-25 11:36:54.537 | 2020-12-25 11:36:54.588 | Success
[2020-12-25 11:38:02,491] INFO [audit] - /flow | POST | 201 | 0.0 | 2020-12-25 11:38:02.184 | 2020-12-25 11:38:02.491 | Flow boom123 created successfully.
[2020-12-25 11:41:18,439] INFO [audit] - /flow | DELETE | 202 | 0.0 | 2020-12-25 11:41:18.204 | 2020-12-25 11:41:18.439 | Flow boom123 has been deleted successfully
[2020-12-25 11:41:26,024] INFO [audit] - /flow | POST | 201 | 0.001 | 2020-12-25 11:41:25.265 | 2020-12-25 11:41:26.024 | Flow boom123 created successfully.
[2020-12-25 11:45:17,217] INFO [audit] - /flow | DELETE | 202 | 0.001 | 2020-12-25 11:45:16.553 | 2020-12-25 11:45:17.217 | Flow boom123 has been deleted successfully
[2020-12-25 11:45:25,982] INFO [audit] - /flow | POST | 201 | 0.0 | 2020-12-25 11:45:25.686 | 2020-12-25 11:45:25.982 | Flow boom123 created successfully.
[2020-12-25 11:53:54,402] INFO [audit] - /connectionTypes/database/postgreSql | GET | 200 | 0.0 | 2020-12-25 11:53:53.950 | 2020-12-25 11:53:54.402 | Success
[2020-12-25 11:54:55,194] INFO [audit] - /boom123/instances/instancesId_1/dataInstances/dataInstancesId_1 | GET | 200 | 0.001 | 2020-12-25 11:54:54.449 | 2020-12-25 11:54:55.194 | Success
[2020-12-25 11:55:09,058] INFO [audit] - /boom123/instances/instancesId_1 | GET | 200 | 0.0 | 2020-12-25 11:55:08.734 | 2020-12-25 11:55:09.058 | Success
[2020-12-25 11:55:41,180] INFO [audit] - /boom123/instances/instancesId_1/dataInstances/dataInstancesId_1 | GET | 200 | 0.0 | 2020-12-25 11:55:40.953 | 2020-12-25 11:55:41.180 | Success
[2020-12-25 11:56:29,033] INFO [audit] - /boom123/instances/instancesId_1 | GET | 200 | 0.001 | 2020-12-25 11:56:28.149 | 2020-12-25 11:56:29.033 | Success
[2020-12-25 12:01:10,959] INFO [audit] - /connectionTypes/singleFile | GET | 200 | 0.013 | 2020-12-25 12:00:58.084 | 2020-12-25 12:01:10.959 | Success
[2020-12-25 12:40:11,545] INFO [audit] - /flow | DELETE | 202 | 0.0 | 2020-12-25 12:40:11.174 | 2020-12-25 12:40:11.545 | Flow boom123 has been deleted successfully
[2020-12-25 12:40:23,137] INFO [audit] - /flow | POST | 201 | 0.001 | 2020-12-25 12:40:22.260 | 2020-12-25 12:40:23.137 | Flow boom123 created successfully.
[2020-12-25 12:53:42,740] INFO [audit] - /boom123/instances | GET | 200 | 0.001 | 2020-12-25 12:53:42.173 | 2020-12-25 12:53:42.740 | Success
[2020-12-25 12:53:54,343] INFO [audit] - /boom123/instances/dataInstancesId_1 | GET | 204 | 0.0 | 2020-12-25 12:53:54.189 | 2020-12-25 12:53:54.343 | No data available.
[2020-12-25 12:54:03,114] INFO [audit] - /boom123/instances/InstancesId_1 | GET | 204 | 0.0 | 2020-12-25 12:54:02.998 | 2020-12-25 12:54:03.114 | No data available.
[2020-12-25 12:54:12,602] INFO [audit] - /boom123/instances/instancesId_1 | GET | 200 | 0.0 | 2020-12-25 12:54:12.345 | 2020-12-25 12:54:12.602 | Success
[2020-12-25 12:54:23,904] INFO [audit] - /boom123/instances/instancesId_1/connectionParameters | GET | 200 | 0.0 | 2020-12-25 12:54:23.764 | 2020-12-25 12:54:23.904 | Success
[2020-12-25 12:58:36,671] INFO [audit] - /boom123/instances/instancesId_1/ | GET | 204 | 0.001 | 2020-12-25 12:58:35.972 | 2020-12-25 12:58:36.671 | No data available.
[2020-12-25 13:53:20,730] INFO [audit] - /cust_poj/instances | GET | 204 | 0.0 | 2020-12-25 13:53:20.693 | 2020-12-25 13:53:20.730 | No data available.
[2020-12-25 13:53:36,060] INFO [audit] - /cust_poj | GET | 200 | 0.001 | 2020-12-25 13:53:35.366 | 2020-12-25 13:53:36.060 | Success
[2020-12-25 13:58:25,241] INFO [audit] - /connectionTypes/database | GET | 200 | 0.001 | 2020-12-25 13:58:24.397 | 2020-12-25 13:58:25.241 | Success
[2020-12-25 13:58:33,190] INFO [audit] - /connectionTypes/database/postgreSql | GET | 200 | 0.001 | 2020-12-25 13:58:32.374 | 2020-12-25 13:58:33.190 | Success
[2020-12-25 15:14:52,810] INFO [audit] - /flow | POST | 409 | 0.001 | 2020-12-25 15:14:52.129 | 2020-12-25 15:14:52.810 | cust_poj already exists
[2020-12-25 15:15:03,293] INFO [audit] - /flow | DELETE | 202 | 0.001 | 2020-12-25 15:15:02.526 | 2020-12-25 15:15:03.293 | Flow cust_poj has been deleted successfully
[2020-12-25 15:15:09,262] INFO [audit] - /flow | POST | 201 | 0.0 | 2020-12-25 15:15:08.962 | 2020-12-25 15:15:09.262 | Flow cust_poj created successfully.
[2020-12-25 15:34:06,315] INFO [audit] - /cust_poj/instances/instancesId_1/databases | GET | 204 | 0.0 | 2020-12-25 15:34:05.963 | 2020-12-25 15:34:06.315 | No data available.
[2020-12-25 15:34:12,933] INFO [audit] - /cust_poj/instances/instancesId_1/databases | GET | 204 | 0.001 | 2020-12-25 15:34:12.203 | 2020-12-25 15:34:12.933 | No data available.
[2020-12-25 15:34:42,522] INFO [audit] - /cust_poj/instances/instancesId_1 | GET | 200 | 0.001 | 2020-12-25 15:34:41.883 | 2020-12-25 15:34:42.521 | Success
[2020-12-25 15:34:47,982] INFO [audit] - /cust_poj/instances/instancesId_1/databases | GET | 204 | 0.001 | 2020-12-25 15:34:47.285 | 2020-12-25 15:34:47.982 | No data available.
[2020-12-25 15:35:12,361] INFO [audit] - /cust_poj/instances/instancesId_1/databases | GET | 204 | 0.001 | 2020-12-25 15:35:11.583 | 2020-12-25 15:35:12.361 | No data available.
[2020-12-25 19:35:41,475] INFO [audit] - /connectionTypes/singleFile | GET | 200 | 0.016 | 2020-12-25 19:35:25.879 | 2020-12-25 19:35:41.475 | Success
[2020-12-25 19:37:20,826] INFO [audit] - /cust_poj/instances/instancesId_2 | GET | 200 | 0.001 | 2020-12-25 19:37:19.995 | 2020-12-25 19:37:20.826 | Success
[2020-12-25 19:37:39,133] INFO [audit] - /cust_poj/instances/instancesId_2/dataInstances/dataInstancesId_1 | GET | 200 | 0.001 | 2020-12-25 19:37:38.498 | 2020-12-25 19:37:39.133 | Success
[2020-12-25 19:49:52,265] INFO [audit] - /test123 | GET | 200 | 0.001 | 2020-12-25 19:49:51.520 | 2020-12-25 19:49:52.265 | Success
[2020-12-28 13:45:29,019] INFO [audit] - /test123 | GET | 200 | 0.0 | 2020-12-28 13:45:28.923 | 2020-12-28 13:45:29.018 | Success
[2020-12-28 13:46:49,601] INFO [audit] - /flow | DELETE | 500 | 0.001 | 2020-12-28 13:46:48.863 | 2020-12-28 13:46:49.601 | Something went wrong...
[2020-12-28 13:46:56,081] INFO [audit] - /flow | DELETE | 202 | 0.0 | 2020-12-28 13:46:55.726 | 2020-12-28 13:46:56.081 | Flow test123 has been deleted successfully
[2020-12-28 13:47:25,526] INFO [audit] - /cust_poj | GET | 200 | 0.0 | 2020-12-28 13:47:25.155 | 2020-12-28 13:47:25.526 | Success
[2020-12-28 17:14:47,854] INFO [audit] - /connectionTypes/database | GET | 200 | 0.0 | 2020-12-28 17:14:47.493 | 2020-12-28 17:14:47.854 | Success
[2020-12-28 17:15:07,436] INFO [audit] - /connectionTypes/database | GET | 200 | 0.001 | 2020-12-28 17:15:06.750 | 2020-12-28 17:15:07.436 | Success
[2020-12-28 17:17:37,317] INFO [audit] - /connectionTypes/database | GET | 200 | 0.001 | 2020-12-28 17:17:36.652 | 2020-12-28 17:17:37.317 | Success
[2020-12-28 17:19:51,737] INFO [audit] - /connectionTypes | GET | 200 | 0.001 | 2020-12-28 17:19:50.963 | 2020-12-28 17:19:51.737 | Success
[2020-12-28 17:20:01,957] INFO [audit] - /connectionTypes/database | GET | 200 | 0.001 | 2020-12-28 17:20:01.372 | 2020-12-28 17:20:01.957 | Success
[2020-12-28 17:24:06,598] INFO [audit] - /connectionTypes/database | GET | 200 | 0.0 | 2020-12-28 17:24:06.484 | 2020-12-28 17:24:06.597 | Success
[2020-12-28 17:39:31,005] INFO [audit] - /connectionTypes/database | GET | 200 | 0.006 | 2020-12-28 17:39:24.900 | 2020-12-28 17:39:31.005 | Success
[2020-12-28 17:42:01,082] INFO [audit] - /connectionTypes/database | GET | 200 | 0.001 | 2020-12-28 17:42:00.265 | 2020-12-28 17:42:01.082 | Success
[2020-12-28 17:44:57,521] INFO [audit] - /connectionTypes | GET | 200 | 0.006 | 2020-12-28 17:44:51.484 | 2020-12-28 17:44:57.520 | Success
[2020-12-28 17:51:10,349] INFO [audit] - /connectionTypes | GET | 200 | 0.0 | 2020-12-28 17:51:10.004 | 2020-12-28 17:51:10.349 | Success
[2020-12-28 18:02:39,380] INFO [audit] - /connectionTypes/database | GET | 200 | 0.0 | 2020-12-28 18:02:39.304 | 2020-12-28 18:02:39.380 | Success
[2020-12-28 18:13:12,284] INFO [audit] - /connectionTypes/database/mySql | GET | 500 | 0.0 | 2020-12-28 18:13:12.245 | 2020-12-28 18:13:12.283 | Something went wrong...
[2020-12-28 18:14:27,705] INFO [audit] - /connectionTypes/database/mySql | GET | 200 | 0.001 | 2020-12-28 18:14:26.253 | 2020-12-28 18:14:27.705 | Success
[2020-12-28 18:25:01,878] INFO [audit] - /cust_poj | GET | 200 | 0.001 | 2020-12-28 18:25:01.249 | 2020-12-28 18:25:01.878 | Success
[2020-12-28 18:26:33,539] INFO [audit] - /cust_poj/instances/instancesId_2 | GET | 200 | 0.001 | 2020-12-28 18:26:32.796 | 2020-12-28 18:26:33.539 | Success
[2020-12-28 18:26:49,628] INFO [audit] - /cust_poj/instances/instancesId_1 | GET | 200 | 0.001 | 2020-12-28 18:26:48.971 | 2020-12-28 18:26:49.627 | Success
[2020-12-28 19:06:31,976] INFO [audit] - /connectionTypes/database | GET | 200 | 0.0 | 2020-12-28 19:06:31.863 | 2020-12-28 19:06:31.976 | Success
[2020-12-28 19:06:42,374] INFO [audit] - /connectionTypes/database/mySql | GET | 200 | 0.001 | 2020-12-28 19:06:41.587 | 2020-12-28 19:06:42.373 | Success
[2020-12-28 19:50:41,549] INFO [audit] - /admin | GET | 204 | 0.001 | 2020-12-28 19:50:40.846 | 2020-12-28 19:50:41.548 | No data available.
[2020-12-28 19:50:43,343] INFO [audit] - /favicon.ico | GET | 204 | 0.001 | 2020-12-28 19:50:42.746 | 2020-12-28 19:50:43.341 | No data available.
[2020-12-28 19:51:12,929] INFO [audit] - /admin/ | GET | 204 | 0.0 | 2020-12-28 19:51:12.855 | 2020-12-28 19:51:12.929 | No data available.
[2020-12-28 19:51:14,211] INFO [audit] - /favicon.ico | GET | 204 | 0.0 | 2020-12-28 19:51:14.144 | 2020-12-28 19:51:14.210 | No data available.
[2020-12-28 20:10:41,535] INFO [audit] - /cust_poj/instances | GET | 200 | 0.001 | 2020-12-28 20:10:40.721 | 2020-12-28 20:10:41.535 | Success
[2020-12-28 20:18:34,432] INFO [audit] - /favicon.ico | GET | 204 | 0.0 | 2020-12-28 20:18:34.389 | 2020-12-28 20:18:34.432 | No data available.
[2020-12-29 15:04:42,683] INFO [audit] - /t2/instances/instancesId_1 | GET | 200 | 0.0 | 2020-12-29 15:04:42.431 | 2020-12-29 15:04:42.683 | Success
