[2020-12-25 11:34:58,940] INFO [unify_service] [C:\Users\CSC\Desktop\unificater\Unificater-Backend\service\util\db_utils.py.Mongo_DB_Connector():39] Creating MongoDB connection
[2020-12-25 11:34:59,188] INFO [unify_service] [C:\Users\CSC\Desktop\unificater\Unificater-Backend\service\util\db_utils.py.Mongo_DB_Connector():48] MongoDB connection closed
[2020-12-25 11:36:35,883] INFO [unify_service] [C:\Users\CSC\Desktop\unificater\Unificater-Backend\service\impl\common_impl.py.get_connection_types():20] Get connection types
[2020-12-25 11:36:35,890] INFO [unify_service] [C:\Users\CSC\Desktop\unificater\Unificater-Backend\service\util\db_utils.py.get_mongod_connection():12] Creating MongoDB connection
[2020-12-25 11:36:36,082] INFO [unify_service] [C:\Users\CSC\Desktop\unificater\Unificater-Backend\service\util\db_utils.py.get_mongod_connection():21] MongoDB connection closed
[2020-12-25 11:36:47,356] INFO [unify_service] [C:\Users\CSC\Desktop\unificater\Unificater-Backend\service\impl\database_impl.py.get_databases():21] Get databases
[2020-12-25 11:36:47,369] INFO [unify_service] [C:\Users\CSC\Desktop\unificater\Unificater-Backend\service\util\db_utils.py.get_mongod_connection():12] Creating MongoDB connection
[2020-12-25 11:36:47,397] INFO [unify_service] [C:\Users\CSC\Desktop\unificater\Unificater-Backend\service\util\db_utils.py.get_mongod_connection():21] MongoDB connection closed
[2020-12-25 11:36:54,537] INFO [unify_service] [C:\Users\CSC\Desktop\unificater\Unificater-Backend\service\impl\database_impl.py.get_db_connection_types():50] Get databases connection params
[2020-12-25 11:36:54,538] INFO [unify_service] [C:\Users\CSC\Desktop\unificater\Unificater-Backend\service\util\db_utils.py.get_mongod_connection():12] Creating MongoDB connection
[2020-12-25 11:36:54,564] INFO [unify_service] [C:\Users\CSC\Desktop\unificater\Unificater-Backend\service\util\db_utils.py.get_mongod_connection():21] MongoDB connection closed
[2020-12-25 11:38:02,184] INFO [unify_service] [C:\Users\CSC\Desktop\unificater\Unificater-Backend\service\impl\master_json.py.create_flow():42] Create flow
[2020-12-25 11:38:02,202] INFO [unify_service] [C:\Users\CSC\Desktop\unificater\Unificater-Backend\service\util\db_utils.py.get_mongod_connection():12] Creating MongoDB connection
[2020-12-25 11:38:02,220] INFO [unify_service] [C:\Users\CSC\Desktop\unificater\Unificater-Backend\service\util\db_utils.py.get_mongod_connection():21] MongoDB connection closed
[2020-12-25 11:40:15,230] INFO [unify_service] [C:\Users\CSC\Desktop\unificater\Unificater-Backend\service\util\db_utils.py.Mongo_DB_Connector():39] Creating MongoDB connection
[2020-12-25 11:40:15,259] INFO [unify_service] [C:\Users\CSC\Desktop\unificater\Unificater-Backend\service\util\db_utils.py.Mongo_DB_Connector():48] MongoDB connection closed
[2020-12-25 11:41:02,126] INFO [unify_service] [C:\Users\CSC\Desktop\unificater\Unificater-Backend\service\util\db_utils.py.Mongo_DB_Connector():39] Creating MongoDB connection
[2020-12-25 11:41:02,257] INFO [unify_service] [C:\Users\CSC\Desktop\unificater\Unificater-Backend\service\util\db_utils.py.Mongo_DB_Connector():48] MongoDB connection closed
[2020-12-25 11:41:18,204] INFO [unify_service] [C:\Users\CSC\Desktop\unificater\Unificater-Backend\service\impl\master_json.py.delete_flow():72] Delete flow
[2020-12-25 11:41:18,249] INFO [unify_service] [C:\Users\CSC\Desktop\unificater\Unificater-Backend\service\util\db_utils.py.get_mongod_connection():12] Creating MongoDB connection
[2020-12-25 11:41:18,350] INFO [unify_service] [C:\Users\CSC\Desktop\unificater\Unificater-Backend\service\util\db_utils.py.get_mongod_connection():21] MongoDB connection closed
[2020-12-25 11:41:25,265] INFO [unify_service] [C:\Users\CSC\Desktop\unificater\Unificater-Backend\service\impl\master_json.py.create_flow():42] Create flow
[2020-12-25 11:41:25,272] INFO [unify_service] [C:\Users\CSC\Desktop\unificater\Unificater-Backend\service\util\db_utils.py.get_mongod_connection():12] Creating MongoDB connection
[2020-12-25 11:41:25,369] INFO [unify_service] [C:\Users\CSC\Desktop\unificater\Unificater-Backend\service\util\db_utils.py.get_mongod_connection():21] MongoDB connection closed
[2020-12-25 11:43:40,368] INFO [unify_service] [C:\Users\CSC\Desktop\unificater\Unificater-Backend\service\util\db_utils.py.Mongo_DB_Connector():39] Creating MongoDB connection
[2020-12-25 11:43:40,388] INFO [unify_service] [C:\Users\CSC\Desktop\unificater\Unificater-Backend\service\util\db_utils.py.Mongo_DB_Connector():48] MongoDB connection closed
[2020-12-25 11:45:12,123] INFO [unify_service] [C:\Users\CSC\Desktop\unificater\Unificater-Backend\service\util\db_utils.py.Mongo_DB_Connector():39] Creating MongoDB connection
[2020-12-25 11:45:12,181] INFO [unify_service] [C:\Users\CSC\Desktop\unificater\Unificater-Backend\service\util\db_utils.py.Mongo_DB_Connector():48] MongoDB connection closed
[2020-12-25 11:45:16,553] INFO [unify_service] [C:\Users\CSC\Desktop\unificater\Unificater-Backend\service\impl\master_json.py.delete_flow():72] Delete flow
[2020-12-25 11:45:16,574] INFO [unify_service] [C:\Users\CSC\Desktop\unificater\Unificater-Backend\service\util\db_utils.py.get_mongod_connection():12] Creating MongoDB connection
[2020-12-25 11:45:16,645] INFO [unify_service] [C:\Users\CSC\Desktop\unificater\Unificater-Backend\service\util\db_utils.py.get_mongod_connection():21] MongoDB connection closed
[2020-12-25 11:45:25,686] INFO [unify_service] [C:\Users\CSC\Desktop\unificater\Unificater-Backend\service\impl\master_json.py.create_flow():42] Create flow
[2020-12-25 11:45:25,699] INFO [unify_service] [C:\Users\CSC\Desktop\unificater\Unificater-Backend\service\util\db_utils.py.get_mongod_connection():12] Creating MongoDB connection
[2020-12-25 11:45:25,757] INFO [unify_service] [C:\Users\CSC\Desktop\unificater\Unificater-Backend\service\util\db_utils.py.get_mongod_connection():21] MongoDB connection closed
[2020-12-25 11:48:00,581] INFO [unify_service] [C:\Users\CSC\Desktop\unificater\Unificater-Backend\service\util\db_utils.py.Mongo_DB_Connector():39] Creating MongoDB connection
[2020-12-25 11:48:00,597] INFO [unify_service] [C:\Users\CSC\Desktop\unificater\Unificater-Backend\service\util\db_utils.py.Mongo_DB_Connector():48] MongoDB connection closed
[2020-12-25 11:53:53,950] INFO [unify_service] [C:\Users\CSC\Desktop\unificater\Unificater-Backend\service\impl\database_impl.py.get_db_connection_types():50] Get databases connection params
[2020-12-25 11:53:54,005] INFO [unify_service] [C:\Users\CSC\Desktop\unificater\Unificater-Backend\service\util\db_utils.py.get_mongod_connection():12] Creating MongoDB connection
[2020-12-25 11:53:54,233] INFO [unify_service] [C:\Users\CSC\Desktop\unificater\Unificater-Backend\service\util\db_utils.py.get_mongod_connection():21] MongoDB connection closed
[2020-12-25 11:54:54,449] INFO [unify_service] [C:\Users\CSC\Desktop\unificater\Unificater-Backend\service\impl\master_json.py.get_flow():23] Get flow
[2020-12-25 11:54:54,450] INFO [unify_service] [C:\Users\CSC\Desktop\unificater\Unificater-Backend\service\util\db_utils.py.get_mongod_connection():12] Creating MongoDB connection
[2020-12-25 11:54:54,514] INFO [unify_service] [C:\Users\CSC\Desktop\unificater\Unificater-Backend\service\util\db_utils.py.get_mongod_connection():21] MongoDB connection closed
[2020-12-25 11:55:08,734] INFO [unify_service] [C:\Users\CSC\Desktop\unificater\Unificater-Backend\service\impl\master_json.py.get_flow():23] Get flow
[2020-12-25 11:55:08,781] INFO [unify_service] [C:\Users\CSC\Desktop\unificater\Unificater-Backend\service\util\db_utils.py.get_mongod_connection():12] Creating MongoDB connection
[2020-12-25 11:55:08,953] INFO [unify_service] [C:\Users\CSC\Desktop\unificater\Unificater-Backend\service\util\db_utils.py.get_mongod_connection():21] MongoDB connection closed
[2020-12-25 11:55:40,953] INFO [unify_service] [C:\Users\CSC\Desktop\unificater\Unificater-Backend\service\impl\master_json.py.get_flow():23] Get flow
[2020-12-25 11:55:40,976] INFO [unify_service] [C:\Users\CSC\Desktop\unificater\Unificater-Backend\service\util\db_utils.py.get_mongod_connection():12] Creating MongoDB connection
[2020-12-25 11:55:41,143] INFO [unify_service] [C:\Users\CSC\Desktop\unificater\Unificater-Backend\service\util\db_utils.py.get_mongod_connection():21] MongoDB connection closed
[2020-12-25 11:56:28,149] INFO [unify_service] [C:\Users\CSC\Desktop\unificater\Unificater-Backend\service\impl\master_json.py.get_flow():23] Get flow
[2020-12-25 11:56:28,206] INFO [unify_service] [C:\Users\CSC\Desktop\unificater\Unificater-Backend\service\util\db_utils.py.get_mongod_connection():12] Creating MongoDB connection
[2020-12-25 11:56:28,498] INFO [unify_service] [C:\Users\CSC\Desktop\unificater\Unificater-Backend\service\util\db_utils.py.get_mongod_connection():21] MongoDB connection closed
[2020-12-25 12:00:58,084] INFO [unify_service] [C:\Users\CSC\Desktop\unificater\Unificater-Backend\service\impl\single_file_impl.py.single_file_browser():21] single file browser
[2020-12-25 12:01:09,737] INFO [unify_service] [C:\Users\CSC\Desktop\unificater\Unificater-Backend\service\util\db_utils.py.get_mongod_connection():12] Creating MongoDB connection
[2020-12-25 12:01:10,371] INFO [unify_service] [C:\Users\CSC\Desktop\unificater\Unificater-Backend\service\util\db_utils.py.get_mongod_connection():21] MongoDB connection closed
[2020-12-25 12:17:11,866] INFO [unify_service] [C:\Users\CSC\Desktop\unificater\Unificater-Backend\service\util\db_utils.py.Mongo_DB_Connector():39] Creating MongoDB connection
[2020-12-25 12:17:11,901] INFO [unify_service] [C:\Users\CSC\Desktop\unificater\Unificater-Backend\service\util\db_utils.py.Mongo_DB_Connector():48] MongoDB connection closed
[2020-12-25 12:17:38,871] INFO [unify_service] [C:\Users\CSC\Desktop\unificater\Unificater-Backend\service\util\db_utils.py.Mongo_DB_Connector():39] Creating MongoDB connection
[2020-12-25 12:17:38,890] INFO [unify_service] [C:\Users\CSC\Desktop\unificater\Unificater-Backend\service\util\db_utils.py.Mongo_DB_Connector():48] MongoDB connection closed
[2020-12-25 12:36:04,086] INFO [unify_service] [C:\Users\CSC\Desktop\unificater\Unificater-Backend\service\util\db_utils.py.Mongo_DB_Connector():39] Creating MongoDB connection
[2020-12-25 12:36:04,105] INFO [unify_service] [C:\Users\CSC\Desktop\unificater\Unificater-Backend\service\util\db_utils.py.Mongo_DB_Connector():48] MongoDB connection closed
[2020-12-25 12:38:14,033] INFO [unify_service] [C:\Users\CSC\Desktop\unificater\Unificater-Backend\service\util\db_utils.py.Mongo_DB_Connector():39] Creating MongoDB connection
[2020-12-25 12:38:14,050] INFO [unify_service] [C:\Users\CSC\Desktop\unificater\Unificater-Backend\service\util\db_utils.py.Mongo_DB_Connector():48] MongoDB connection closed
[2020-12-25 12:39:17,396] INFO [unify_service] [C:\Users\CSC\Desktop\unificater\Unificater-Backend\service\util\db_utils.py.Mongo_DB_Connector():39] Creating MongoDB connection
[2020-12-25 12:39:17,426] INFO [unify_service] [C:\Users\CSC\Desktop\unificater\Unificater-Backend\service\util\db_utils.py.Mongo_DB_Connector():48] MongoDB connection closed
[2020-12-25 12:40:11,174] INFO [unify_service] [C:\Users\CSC\Desktop\unificater\Unificater-Backend\service\impl\master_json.py.delete_flow():72] Delete flow
[2020-12-25 12:40:11,221] INFO [unify_service] [C:\Users\CSC\Desktop\unificater\Unificater-Backend\service\util\db_utils.py.get_mongod_connection():12] Creating MongoDB connection
[2020-12-25 12:40:11,388] INFO [unify_service] [C:\Users\CSC\Desktop\unificater\Unificater-Backend\service\util\db_utils.py.get_mongod_connection():21] MongoDB connection closed
[2020-12-25 12:40:22,260] INFO [unify_service] [C:\Users\CSC\Desktop\unificater\Unificater-Backend\service\impl\master_json.py.create_flow():42] Create flow
[2020-12-25 12:40:22,307] INFO [unify_service] [C:\Users\CSC\Desktop\unificater\Unificater-Backend\service\util\db_utils.py.get_mongod_connection():12] Creating MongoDB connection
[2020-12-25 12:40:22,503] INFO [unify_service] [C:\Users\CSC\Desktop\unificater\Unificater-Backend\service\util\db_utils.py.get_mongod_connection():21] MongoDB connection closed
[2020-12-25 12:42:38,150] INFO [unify_service] [C:\Users\CSC\Desktop\unificater\Unificater-Backend\service\util\db_utils.py.Mongo_DB_Connector():39] Creating MongoDB connection
[2020-12-25 12:42:38,170] INFO [unify_service] [C:\Users\CSC\Desktop\unificater\Unificater-Backend\service\util\db_utils.py.Mongo_DB_Connector():48] MongoDB connection closed
[2020-12-25 12:43:53,473] INFO [unify_service] [C:\Users\CSC\Desktop\unificater\Unificater-Backend\service\util\db_utils.py.Mongo_DB_Connector():39] Creating MongoDB connection
[2020-12-25 12:43:53,554] INFO [unify_service] [C:\Users\CSC\Desktop\unificater\Unificater-Backend\service\util\db_utils.py.Mongo_DB_Connector():48] MongoDB connection closed
[2020-12-25 12:44:19,744] INFO [unify_service] [C:\Users\CSC\Desktop\unificater\Unificater-Backend\service\util\db_utils.py.Mongo_DB_Connector():39] Creating MongoDB connection
[2020-12-25 12:44:19,762] INFO [unify_service] [C:\Users\CSC\Desktop\unificater\Unificater-Backend\service\util\db_utils.py.Mongo_DB_Connector():48] MongoDB connection closed
[2020-12-25 12:44:42,637] INFO [unify_service] [C:\Users\CSC\Desktop\unificater\Unificater-Backend\service\util\db_utils.py.Mongo_DB_Connector():39] Creating MongoDB connection
[2020-12-25 12:44:42,681] INFO [unify_service] [C:\Users\CSC\Desktop\unificater\Unificater-Backend\service\util\db_utils.py.Mongo_DB_Connector():48] MongoDB connection closed
[2020-12-25 12:45:07,334] INFO [unify_service] [C:\Users\CSC\Desktop\unificater\Unificater-Backend\service\util\db_utils.py.Mongo_DB_Connector():39] Creating MongoDB connection
[2020-12-25 12:45:07,357] INFO [unify_service] [C:\Users\CSC\Desktop\unificater\Unificater-Backend\service\util\db_utils.py.Mongo_DB_Connector():48] MongoDB connection closed
[2020-12-25 12:45:18,808] INFO [unify_service] [C:\Users\CSC\Desktop\unificater\Unificater-Backend\service\util\db_utils.py.Mongo_DB_Connector():39] Creating MongoDB connection
[2020-12-25 12:45:18,889] INFO [unify_service] [C:\Users\CSC\Desktop\unificater\Unificater-Backend\service\util\db_utils.py.Mongo_DB_Connector():48] MongoDB connection closed
[2020-12-25 12:46:32,394] INFO [unify_service] [C:\Users\CSC\Desktop\unificater\Unificater-Backend\service\util\db_utils.py.Mongo_DB_Connector():39] Creating MongoDB connection
[2020-12-25 12:46:32,423] INFO [unify_service] [C:\Users\CSC\Desktop\unificater\Unificater-Backend\service\util\db_utils.py.Mongo_DB_Connector():48] MongoDB connection closed
[2020-12-25 12:47:09,768] INFO [unify_service] [C:\Users\CSC\Desktop\unificater\Unificater-Backend\service\util\db_utils.py.Mongo_DB_Connector():39] Creating MongoDB connection
[2020-12-25 12:47:09,790] INFO [unify_service] [C:\Users\CSC\Desktop\unificater\Unificater-Backend\service\util\db_utils.py.Mongo_DB_Connector():48] MongoDB connection closed
[2020-12-25 12:48:00,790] INFO [unify_service] [C:\Users\CSC\Desktop\unificater\Unificater-Backend\service\util\db_utils.py.Mongo_DB_Connector():39] Creating MongoDB connection
[2020-12-25 12:48:00,812] INFO [unify_service] [C:\Users\CSC\Desktop\unificater\Unificater-Backend\service\util\db_utils.py.Mongo_DB_Connector():48] MongoDB connection closed
[2020-12-25 12:49:05,945] INFO [unify_service] [C:\Users\CSC\Desktop\unificater\Unificater-Backend\service\util\db_utils.py.Mongo_DB_Connector():39] Creating MongoDB connection
[2020-12-25 12:49:05,964] INFO [unify_service] [C:\Users\CSC\Desktop\unificater\Unificater-Backend\service\util\db_utils.py.Mongo_DB_Connector():48] MongoDB connection closed
[2020-12-25 12:49:16,919] INFO [unify_service] [C:\Users\CSC\Desktop\unificater\Unificater-Backend\service\util\db_utils.py.Mongo_DB_Connector():39] Creating MongoDB connection
[2020-12-25 12:49:16,936] INFO [unify_service] [C:\Users\CSC\Desktop\unificater\Unificater-Backend\service\util\db_utils.py.Mongo_DB_Connector():48] MongoDB connection closed
[2020-12-25 12:53:42,173] INFO [unify_service] [C:\Users\CSC\Desktop\unificater\Unificater-Backend\service\impl\master_json.py.get_flow():23] Get flow
[2020-12-25 12:53:42,174] INFO [unify_service] [C:\Users\CSC\Desktop\unificater\Unificater-Backend\service\util\db_utils.py.get_mongod_connection():12] Creating MongoDB connection
[2020-12-25 12:53:42,211] INFO [unify_service] [C:\Users\CSC\Desktop\unificater\Unificater-Backend\service\util\db_utils.py.get_mongod_connection():21] MongoDB connection closed
[2020-12-25 12:53:54,189] INFO [unify_service] [C:\Users\CSC\Desktop\unificater\Unificater-Backend\service\impl\master_json.py.get_flow():23] Get flow
[2020-12-25 12:53:54,204] INFO [unify_service] [C:\Users\CSC\Desktop\unificater\Unificater-Backend\service\util\db_utils.py.get_mongod_connection():12] Creating MongoDB connection
[2020-12-25 12:53:54,253] INFO [unify_service] [C:\Users\CSC\Desktop\unificater\Unificater-Backend\service\util\db_utils.py.get_mongod_connection():21] MongoDB connection closed
[2020-12-25 12:54:02,998] INFO [unify_service] [C:\Users\CSC\Desktop\unificater\Unificater-Backend\service\impl\master_json.py.get_flow():23] Get flow
[2020-12-25 12:54:03,001] INFO [unify_service] [C:\Users\CSC\Desktop\unificater\Unificater-Backend\service\util\db_utils.py.get_mongod_connection():12] Creating MongoDB connection
[2020-12-25 12:54:03,052] INFO [unify_service] [C:\Users\CSC\Desktop\unificater\Unificater-Backend\service\util\db_utils.py.get_mongod_connection():21] MongoDB connection closed
[2020-12-25 12:54:12,345] INFO [unify_service] [C:\Users\CSC\Desktop\unificater\Unificater-Backend\service\impl\master_json.py.get_flow():23] Get flow
[2020-12-25 12:54:12,388] INFO [unify_service] [C:\Users\CSC\Desktop\unificater\Unificater-Backend\service\util\db_utils.py.get_mongod_connection():12] Creating MongoDB connection
[2020-12-25 12:54:12,521] INFO [unify_service] [C:\Users\CSC\Desktop\unificater\Unificater-Backend\service\util\db_utils.py.get_mongod_connection():21] MongoDB connection closed
[2020-12-25 12:54:23,764] INFO [unify_service] [C:\Users\CSC\Desktop\unificater\Unificater-Backend\service\impl\master_json.py.get_flow():23] Get flow
[2020-12-25 12:54:23,770] INFO [unify_service] [C:\Users\CSC\Desktop\unificater\Unificater-Backend\service\util\db_utils.py.get_mongod_connection():12] Creating MongoDB connection
[2020-12-25 12:54:23,798] INFO [unify_service] [C:\Users\CSC\Desktop\unificater\Unificater-Backend\service\util\db_utils.py.get_mongod_connection():21] MongoDB connection closed
[2020-12-25 12:58:27,881] INFO [unify_service] [C:\Users\CSC\Desktop\unificater\Unificater-Backend\service\util\db_utils.py.Mongo_DB_Connector():39] Creating MongoDB connection
[2020-12-25 12:58:28,107] INFO [unify_service] [C:\Users\CSC\Desktop\unificater\Unificater-Backend\service\util\db_utils.py.Mongo_DB_Connector():48] MongoDB connection closed
[2020-12-25 12:58:35,972] INFO [unify_service] [C:\Users\CSC\Desktop\unificater\Unificater-Backend\service\impl\master_json.py.get_flow():23] Get flow
[2020-12-25 12:58:36,034] INFO [unify_service] [C:\Users\CSC\Desktop\unificater\Unificater-Backend\service\util\db_utils.py.get_mongod_connection():12] Creating MongoDB connection
[2020-12-25 12:58:36,151] INFO [unify_service] [C:\Users\CSC\Desktop\unificater\Unificater-Backend\service\util\db_utils.py.get_mongod_connection():21] MongoDB connection closed
[2020-12-25 13:01:55,619] INFO [unify_service] [C:\Users\CSC\Desktop\unificater\Unificater-Backend\service\util\db_utils.py.Mongo_DB_Connector():39] Creating MongoDB connection
[2020-12-25 13:01:55,638] INFO [unify_service] [C:\Users\CSC\Desktop\unificater\Unificater-Backend\service\util\db_utils.py.Mongo_DB_Connector():48] MongoDB connection closed
[2020-12-25 13:02:36,971] INFO [unify_service] [C:\Users\CSC\Desktop\unificater\Unificater-Backend\service\util\db_utils.py.Mongo_DB_Connector():39] Creating MongoDB connection
[2020-12-25 13:02:37,010] INFO [unify_service] [C:\Users\CSC\Desktop\unificater\Unificater-Backend\service\util\db_utils.py.Mongo_DB_Connector():48] MongoDB connection closed
[2020-12-25 13:03:05,944] INFO [unify_service] [C:\Users\CSC\Desktop\unificater\Unificater-Backend\service\util\db_utils.py.Mongo_DB_Connector():39] Creating MongoDB connection
[2020-12-25 13:03:05,975] INFO [unify_service] [C:\Users\CSC\Desktop\unificater\Unificater-Backend\service\util\db_utils.py.Mongo_DB_Connector():48] MongoDB connection closed
[2020-12-25 13:03:31,506] INFO [unify_service] [C:\Users\CSC\Desktop\unificater\Unificater-Backend\service\util\db_utils.py.Mongo_DB_Connector():39] Creating MongoDB connection
[2020-12-25 13:03:31,575] INFO [unify_service] [C:\Users\CSC\Desktop\unificater\Unificater-Backend\service\util\db_utils.py.Mongo_DB_Connector():48] MongoDB connection closed
[2020-12-25 13:07:45,178] INFO [unify_service] [C:\Users\CSC\Desktop\unificater\Unificater-Backend\service\util\db_utils.py.Mongo_DB_Connector():39] Creating MongoDB connection
[2020-12-25 13:07:45,319] INFO [unify_service] [C:\Users\CSC\Desktop\unificater\Unificater-Backend\service\util\db_utils.py.Mongo_DB_Connector():48] MongoDB connection closed
[2020-12-25 13:52:19,546] INFO [unify_service] [C:\Users\CSC\Desktop\unificater\Lathish\Unificater-Backend\service\util\db_utils.py.Mongo_DB_Connector():39] Creating MongoDB connection
[2020-12-25 13:52:19,568] INFO [unify_service] [C:\Users\CSC\Desktop\unificater\Lathish\Unificater-Backend\service\util\db_utils.py.Mongo_DB_Connector():48] MongoDB connection closed
[2020-12-25 13:52:54,471] INFO [unify_service] [C:\Users\CSC\Desktop\unificater\Lathish\Unificater-Backend\service\util\db_utils.py.Mongo_DB_Connector():39] Creating MongoDB connection
[2020-12-25 13:52:54,706] INFO [unify_service] [C:\Users\CSC\Desktop\unificater\Lathish\Unificater-Backend\service\util\db_utils.py.Mongo_DB_Connector():48] MongoDB connection closed
[2020-12-25 13:53:20,693] INFO [unify_service] [C:\Users\CSC\Desktop\unificater\Lathish\Unificater-Backend\service\impl\master_json.py.get_flow():23] Get flow
[2020-12-25 13:53:20,694] INFO [unify_service] [C:\Users\CSC\Desktop\unificater\Lathish\Unificater-Backend\service\util\db_utils.py.get_mongod_connection():12] Creating MongoDB connection
[2020-12-25 13:53:20,709] INFO [unify_service] [C:\Users\CSC\Desktop\unificater\Lathish\Unificater-Backend\service\util\db_utils.py.get_mongod_connection():21] MongoDB connection closed
[2020-12-25 13:53:35,366] INFO [unify_service] [C:\Users\CSC\Desktop\unificater\Lathish\Unificater-Backend\service\impl\master_json.py.get_flow():23] Get flow
[2020-12-25 13:53:35,395] INFO [unify_service] [C:\Users\CSC\Desktop\unificater\Lathish\Unificater-Backend\service\util\db_utils.py.get_mongod_connection():12] Creating MongoDB connection
[2020-12-25 13:53:35,531] INFO [unify_service] [C:\Users\CSC\Desktop\unificater\Lathish\Unificater-Backend\service\util\db_utils.py.get_mongod_connection():21] MongoDB connection closed
[2020-12-25 13:54:47,283] INFO [unify_service] [C:\Users\CSC\Desktop\unificater\Lathish\Unificater-Backend\service\util\db_utils.py.Mongo_DB_Connector():39] Creating MongoDB connection
[2020-12-25 13:54:47,325] INFO [unify_service] [C:\Users\CSC\Desktop\unificater\Lathish\Unificater-Backend\service\util\db_utils.py.Mongo_DB_Connector():48] MongoDB connection closed
[2020-12-25 13:57:14,445] INFO [unify_service] [C:\Users\CSC\Desktop\unificater\Lathish\Unificater-Backend\service\util\db_utils.py.Mongo_DB_Connector():39] Creating MongoDB connection
[2020-12-25 13:57:14,541] INFO [unify_service] [C:\Users\CSC\Desktop\unificater\Lathish\Unificater-Backend\service\util\db_utils.py.Mongo_DB_Connector():48] MongoDB connection closed
[2020-12-25 13:58:24,397] INFO [unify_service] [C:\Users\CSC\Desktop\unificater\Lathish\Unificater-Backend\service\impl\database_impl.py.get_databases():21] Get databases
[2020-12-25 13:58:24,448] INFO [unify_service] [C:\Users\CSC\Desktop\unificater\Lathish\Unificater-Backend\service\util\db_utils.py.get_mongod_connection():12] Creating MongoDB connection
[2020-12-25 13:58:24,955] INFO [unify_service] [C:\Users\CSC\Desktop\unificater\Lathish\Unificater-Backend\service\util\db_utils.py.get_mongod_connection():21] MongoDB connection closed
[2020-12-25 13:58:32,374] INFO [unify_service] [C:\Users\CSC\Desktop\unificater\Lathish\Unificater-Backend\service\impl\database_impl.py.get_db_connection_types():50] Get databases connection params
[2020-12-25 13:58:32,448] INFO [unify_service] [C:\Users\CSC\Desktop\unificater\Lathish\Unificater-Backend\service\util\db_utils.py.get_mongod_connection():12] Creating MongoDB connection
[2020-12-25 13:58:32,643] INFO [unify_service] [C:\Users\CSC\Desktop\unificater\Lathish\Unificater-Backend\service\util\db_utils.py.get_mongod_connection():21] MongoDB connection closed
[2020-12-25 13:58:56,388] INFO [unify_service] [C:\Users\CSC\Desktop\unificater\Lathish\Unificater-Backend\service\util\db_utils.py.Mongo_DB_Connector():39] Creating MongoDB connection
[2020-12-25 13:58:56,424] INFO [unify_service] [C:\Users\CSC\Desktop\unificater\Lathish\Unificater-Backend\service\util\db_utils.py.Mongo_DB_Connector():48] MongoDB connection closed
[2020-12-25 14:18:34,485] INFO [unify_service] [C:\Users\CSC\Desktop\unificater\Lathish\Unificater-Backend\service\util\db_utils.py.Mongo_DB_Connector():39] Creating MongoDB connection
[2020-12-25 14:18:34,660] INFO [unify_service] [C:\Users\CSC\Desktop\unificater\Lathish\Unificater-Backend\service\util\db_utils.py.Mongo_DB_Connector():48] MongoDB connection closed
[2020-12-25 15:11:44,211] INFO [unify_service] [C:\Users\CSC\Desktop\unificater\Lathish\Unificater-Backend\service\util\db_utils.py.Mongo_DB_Connector():39] Creating MongoDB connection
[2020-12-25 15:11:44,400] INFO [unify_service] [C:\Users\CSC\Desktop\unificater\Lathish\Unificater-Backend\service\util\db_utils.py.Mongo_DB_Connector():48] MongoDB connection closed
[2020-12-25 15:13:22,187] INFO [unify_service] [C:\Users\CSC\Desktop\unificater\Lathish\Unificater-Backend\service\util\db_utils.py.Mongo_DB_Connector():39] Creating MongoDB connection
[2020-12-25 15:13:22,222] INFO [unify_service] [C:\Users\CSC\Desktop\unificater\Lathish\Unificater-Backend\service\util\db_utils.py.Mongo_DB_Connector():48] MongoDB connection closed
[2020-12-25 15:13:36,725] INFO [unify_service] [C:\Users\CSC\Desktop\unificater\Lathish\Unificater-Backend\service\util\db_utils.py.Mongo_DB_Connector():39] Creating MongoDB connection
[2020-12-25 15:13:36,988] INFO [unify_service] [C:\Users\CSC\Desktop\unificater\Lathish\Unificater-Backend\service\util\db_utils.py.Mongo_DB_Connector():48] MongoDB connection closed
[2020-12-25 15:14:01,770] INFO [unify_service] [C:\Users\CSC\Desktop\unificater\Lathish\Unificater-Backend\service\util\db_utils.py.Mongo_DB_Connector():39] Creating MongoDB connection
[2020-12-25 15:14:01,797] INFO [unify_service] [C:\Users\CSC\Desktop\unificater\Lathish\Unificater-Backend\service\util\db_utils.py.Mongo_DB_Connector():48] MongoDB connection closed
[2020-12-25 15:14:52,129] INFO [unify_service] [C:\Users\CSC\Desktop\unificater\Lathish\Unificater-Backend\service\impl\master_json.py.create_flow():42] Create flow
[2020-12-25 15:14:52,143] INFO [unify_service] [C:\Users\CSC\Desktop\unificater\Lathish\Unificater-Backend\service\util\db_utils.py.get_mongod_connection():12] Creating MongoDB connection
[2020-12-25 15:14:52,277] INFO [unify_service] [C:\Users\CSC\Desktop\unificater\Lathish\Unificater-Backend\service\util\db_utils.py.get_mongod_connection():21] MongoDB connection closed
[2020-12-25 15:14:52,806] ERROR [unify_service] [C:\Users\CSC\Desktop\unificater\Lathish\Unificater-Backend\service\impl\master_json.py.create_flow():58] collection cust_poj already exists | Traceback (most recent call last):
  File "C:\Users\CSC\Desktop\unificater\Lathish\Unificater-Backend\service\impl\master_json.py", line 49, in create_flow
    mongo_db.create_collection(flow_name, codec_options=codec_options)
  File "C:\Users\CSC\AppData\Local\Programs\Python\Python38\lib\site-packages\pymongo\database.py", line 414, in create_collection
    raise CollectionInvalid("collection %s already exists" % name)
pymongo.errors.CollectionInvalid: collection cust_poj already exists

[2020-12-25 15:15:02,526] INFO [unify_service] [C:\Users\CSC\Desktop\unificater\Lathish\Unificater-Backend\service\impl\master_json.py.delete_flow():72] Delete flow
[2020-12-25 15:15:02,531] INFO [unify_service] [C:\Users\CSC\Desktop\unificater\Lathish\Unificater-Backend\service\util\db_utils.py.get_mongod_connection():12] Creating MongoDB connection
[2020-12-25 15:15:02,545] INFO [unify_service] [C:\Users\CSC\Desktop\unificater\Lathish\Unificater-Backend\service\util\db_utils.py.get_mongod_connection():21] MongoDB connection closed
[2020-12-25 15:15:08,962] INFO [unify_service] [C:\Users\CSC\Desktop\unificater\Lathish\Unificater-Backend\service\impl\master_json.py.create_flow():42] Create flow
[2020-12-25 15:15:08,977] INFO [unify_service] [C:\Users\CSC\Desktop\unificater\Lathish\Unificater-Backend\service\util\db_utils.py.get_mongod_connection():12] Creating MongoDB connection
[2020-12-25 15:15:09,013] INFO [unify_service] [C:\Users\CSC\Desktop\unificater\Lathish\Unificater-Backend\service\util\db_utils.py.get_mongod_connection():21] MongoDB connection closed
[2020-12-25 15:20:24,483] INFO [unify_service] [C:\Users\CSC\Desktop\unificater\Lathish\Unificater-Backend\service\util\db_utils.py.Mongo_DB_Connector():39] Creating MongoDB connection
[2020-12-25 15:20:24,514] INFO [unify_service] [C:\Users\CSC\Desktop\unificater\Lathish\Unificater-Backend\service\util\db_utils.py.Mongo_DB_Connector():48] MongoDB connection closed
[2020-12-25 15:26:34,601] INFO [unify_service] [C:\Users\CSC\Desktop\unificater\Lathish\Unificater-Backend\service\util\db_utils.py.Mongo_DB_Connector():39] Creating MongoDB connection
[2020-12-25 15:26:34,683] INFO [unify_service] [C:\Users\CSC\Desktop\unificater\Lathish\Unificater-Backend\service\util\db_utils.py.Mongo_DB_Connector():48] MongoDB connection closed
[2020-12-25 15:34:05,963] INFO [unify_service] [C:\Users\CSC\Desktop\unificater\Lathish\Unificater-Backend\service\impl\master_json.py.get_flow():23] Get flow
[2020-12-25 15:34:05,974] INFO [unify_service] [C:\Users\CSC\Desktop\unificater\Lathish\Unificater-Backend\service\util\db_utils.py.get_mongod_connection():12] Creating MongoDB connection
[2020-12-25 15:34:06,275] INFO [unify_service] [C:\Users\CSC\Desktop\unificater\Lathish\Unificater-Backend\service\util\db_utils.py.get_mongod_connection():21] MongoDB connection closed
[2020-12-25 15:34:12,203] INFO [unify_service] [C:\Users\CSC\Desktop\unificater\Lathish\Unificater-Backend\service\impl\master_json.py.get_flow():23] Get flow
[2020-12-25 15:34:12,289] INFO [unify_service] [C:\Users\CSC\Desktop\unificater\Lathish\Unificater-Backend\service\util\db_utils.py.get_mongod_connection():12] Creating MongoDB connection
[2020-12-25 15:34:12,386] INFO [unify_service] [C:\Users\CSC\Desktop\unificater\Lathish\Unificater-Backend\service\util\db_utils.py.get_mongod_connection():21] MongoDB connection closed
[2020-12-25 15:34:41,883] INFO [unify_service] [C:\Users\CSC\Desktop\unificater\Lathish\Unificater-Backend\service\impl\master_json.py.get_flow():23] Get flow
[2020-12-25 15:34:41,943] INFO [unify_service] [C:\Users\CSC\Desktop\unificater\Lathish\Unificater-Backend\service\util\db_utils.py.get_mongod_connection():12] Creating MongoDB connection
[2020-12-25 15:34:41,987] INFO [unify_service] [C:\Users\CSC\Desktop\unificater\Lathish\Unificater-Backend\service\util\db_utils.py.get_mongod_connection():21] MongoDB connection closed
[2020-12-25 15:34:47,285] INFO [unify_service] [C:\Users\CSC\Desktop\unificater\Lathish\Unificater-Backend\service\impl\master_json.py.get_flow():23] Get flow
[2020-12-25 15:34:47,328] INFO [unify_service] [C:\Users\CSC\Desktop\unificater\Lathish\Unificater-Backend\service\util\db_utils.py.get_mongod_connection():12] Creating MongoDB connection
[2020-12-25 15:34:47,434] INFO [unify_service] [C:\Users\CSC\Desktop\unificater\Lathish\Unificater-Backend\service\util\db_utils.py.get_mongod_connection():21] MongoDB connection closed
[2020-12-25 15:35:09,513] INFO [unify_service] [C:\Users\CSC\Desktop\unificater\Lathish\Unificater-Backend\service\util\db_utils.py.Mongo_DB_Connector():39] Creating MongoDB connection
[2020-12-25 15:35:09,552] INFO [unify_service] [C:\Users\CSC\Desktop\unificater\Lathish\Unificater-Backend\service\util\db_utils.py.Mongo_DB_Connector():48] MongoDB connection closed
[2020-12-25 15:35:11,583] INFO [unify_service] [C:\Users\CSC\Desktop\unificater\Lathish\Unificater-Backend\service\impl\master_json.py.get_flow():23] Get flow
[2020-12-25 15:35:11,601] INFO [unify_service] [C:\Users\CSC\Desktop\unificater\Lathish\Unificater-Backend\service\util\db_utils.py.get_mongod_connection():12] Creating MongoDB connection
[2020-12-25 15:35:11,818] INFO [unify_service] [C:\Users\CSC\Desktop\unificater\Lathish\Unificater-Backend\service\util\db_utils.py.get_mongod_connection():21] MongoDB connection closed
[2020-12-25 15:35:46,848] INFO [unify_service] [C:\Users\CSC\Desktop\unificater\Lathish\Unificater-Backend\service\util\db_utils.py.Mongo_DB_Connector():39] Creating MongoDB connection
[2020-12-25 15:35:46,879] INFO [unify_service] [C:\Users\CSC\Desktop\unificater\Lathish\Unificater-Backend\service\util\db_utils.py.Mongo_DB_Connector():48] MongoDB connection closed
[2020-12-25 15:37:10,416] INFO [unify_service] [C:\Users\CSC\Desktop\unificater\Lathish\Unificater-Backend\service\util\db_utils.py.Mongo_DB_Connector():39] Creating MongoDB connection
[2020-12-25 15:37:10,456] INFO [unify_service] [C:\Users\CSC\Desktop\unificater\Lathish\Unificater-Backend\service\util\db_utils.py.Mongo_DB_Connector():48] MongoDB connection closed
[2020-12-25 15:37:28,445] INFO [unify_service] [C:\Users\CSC\Desktop\unificater\Lathish\Unificater-Backend\service\util\db_utils.py.Mongo_DB_Connector():39] Creating MongoDB connection
[2020-12-25 15:37:28,483] INFO [unify_service] [C:\Users\CSC\Desktop\unificater\Lathish\Unificater-Backend\service\util\db_utils.py.Mongo_DB_Connector():48] MongoDB connection closed
[2020-12-25 15:38:25,113] INFO [unify_service] [C:\Users\CSC\Desktop\unificater\Lathish\Unificater-Backend\service\util\db_utils.py.Mongo_DB_Connector():39] Creating MongoDB connection
[2020-12-25 15:38:25,138] INFO [unify_service] [C:\Users\CSC\Desktop\unificater\Lathish\Unificater-Backend\service\util\db_utils.py.Mongo_DB_Connector():48] MongoDB connection closed
[2020-12-25 15:40:43,247] INFO [unify_service] [C:\Users\CSC\Desktop\unificater\Lathish\Unificater-Backend\service\util\db_utils.py.Mongo_DB_Connector():39] Creating MongoDB connection
[2020-12-25 15:40:43,269] INFO [unify_service] [C:\Users\CSC\Desktop\unificater\Lathish\Unificater-Backend\service\util\db_utils.py.Mongo_DB_Connector():48] MongoDB connection closed
[2020-12-25 15:40:56,595] INFO [unify_service] [C:\Users\CSC\Desktop\unificater\Lathish\Unificater-Backend\service\util\db_utils.py.Mongo_DB_Connector():39] Creating MongoDB connection
[2020-12-25 15:40:56,638] INFO [unify_service] [C:\Users\CSC\Desktop\unificater\Lathish\Unificater-Backend\service\util\db_utils.py.Mongo_DB_Connector():48] MongoDB connection closed
[2020-12-25 15:43:23,649] INFO [unify_service] [C:\Users\CSC\Desktop\unificater\Lathish\Unificater-Backend\service\util\db_utils.py.Mongo_DB_Connector():39] Creating MongoDB connection
[2020-12-25 15:43:23,663] INFO [unify_service] [C:\Users\CSC\Desktop\unificater\Lathish\Unificater-Backend\service\util\db_utils.py.Mongo_DB_Connector():48] MongoDB connection closed
[2020-12-25 17:36:05,772] INFO [unify_service] [C:\Users\CSC\Desktop\unificater\Lathish\Unificater-Backend\service\util\db_utils.py.Mongo_DB_Connector():39] Creating MongoDB connection
[2020-12-25 17:36:05,801] INFO [unify_service] [C:\Users\CSC\Desktop\unificater\Lathish\Unificater-Backend\service\util\db_utils.py.Mongo_DB_Connector():48] MongoDB connection closed
[2020-12-25 17:39:04,621] INFO [unify_service] [C:\Users\CSC\Desktop\unificater\Lathish\Unificater-Backend\service\util\db_utils.py.Mongo_DB_Connector():39] Creating MongoDB connection
[2020-12-25 17:39:04,644] INFO [unify_service] [C:\Users\CSC\Desktop\unificater\Lathish\Unificater-Backend\service\util\db_utils.py.Mongo_DB_Connector():48] MongoDB connection closed
[2020-12-25 17:49:10,546] INFO [unify_service] [C:\Users\CSC\Desktop\unificater\Lathish\Unificater-Backend\service\util\db_utils.py.Mongo_DB_Connector():39] Creating MongoDB connection
[2020-12-25 17:49:10,563] INFO [unify_service] [C:\Users\CSC\Desktop\unificater\Lathish\Unificater-Backend\service\util\db_utils.py.Mongo_DB_Connector():48] MongoDB connection closed
[2020-12-25 17:50:15,139] INFO [unify_service] [C:\Users\CSC\Desktop\unificater\Lathish\Unificater-Backend\service\util\db_utils.py.Mongo_DB_Connector():39] Creating MongoDB connection
[2020-12-25 17:50:15,282] INFO [unify_service] [C:\Users\CSC\Desktop\unificater\Lathish\Unificater-Backend\service\util\db_utils.py.Mongo_DB_Connector():48] MongoDB connection closed
[2020-12-25 17:50:36,439] INFO [unify_service] [C:\Users\CSC\Desktop\unificater\Lathish\Unificater-Backend\service\util\db_utils.py.Mongo_DB_Connector():39] Creating MongoDB connection
[2020-12-25 17:50:36,468] INFO [unify_service] [C:\Users\CSC\Desktop\unificater\Lathish\Unificater-Backend\service\util\db_utils.py.Mongo_DB_Connector():48] MongoDB connection closed
[2020-12-25 18:02:52,191] INFO [unify_service] [C:\Users\CSC\Desktop\unificater\Lathish\Unificater-Backend\service\util\db_utils.py.Mongo_DB_Connector():39] Creating MongoDB connection
[2020-12-25 18:02:52,290] INFO [unify_service] [C:\Users\CSC\Desktop\unificater\Lathish\Unificater-Backend\service\util\db_utils.py.Mongo_DB_Connector():48] MongoDB connection closed
[2020-12-25 18:04:00,890] INFO [unify_service] [C:\Users\CSC\Desktop\unificater\Lathish\Unificater-Backend\service\util\db_utils.py.Mongo_DB_Connector():39] Creating MongoDB connection
[2020-12-25 18:04:01,442] INFO [unify_service] [C:\Users\CSC\Desktop\unificater\Lathish\Unificater-Backend\service\util\db_utils.py.Mongo_DB_Connector():48] MongoDB connection closed
[2020-12-25 18:06:37,688] INFO [unify_service] [C:\Users\CSC\Desktop\unificater\Lathish\Unificater-Backend\service\util\db_utils.py.Mongo_DB_Connector():39] Creating MongoDB connection
[2020-12-25 18:06:37,792] INFO [unify_service] [C:\Users\CSC\Desktop\unificater\Lathish\Unificater-Backend\service\util\db_utils.py.Mongo_DB_Connector():48] MongoDB connection closed
[2020-12-25 18:07:53,431] INFO [unify_service] [C:\Users\CSC\Desktop\unificater\Lathish\Unificater-Backend\service\util\db_utils.py.Mongo_DB_Connector():39] Creating MongoDB connection
[2020-12-25 18:07:53,473] INFO [unify_service] [C:\Users\CSC\Desktop\unificater\Lathish\Unificater-Backend\service\util\db_utils.py.Mongo_DB_Connector():48] MongoDB connection closed
[2020-12-25 18:17:22,313] INFO [unify_service] [C:\Users\CSC\Desktop\unificater\Lathish\Unificater-Backend\service\util\db_utils.py.Mongo_DB_Connector():39] Creating MongoDB connection
[2020-12-25 18:17:22,345] INFO [unify_service] [C:\Users\CSC\Desktop\unificater\Lathish\Unificater-Backend\service\util\db_utils.py.Mongo_DB_Connector():48] MongoDB connection closed
[2020-12-25 18:21:24,781] INFO [unify_service] [C:\Users\CSC\Desktop\unificater\Lathish\Unificater-Backend\service\util\db_utils.py.Mongo_DB_Connector():39] Creating MongoDB connection
[2020-12-25 18:21:24,818] INFO [unify_service] [C:\Users\CSC\Desktop\unificater\Lathish\Unificater-Backend\service\util\db_utils.py.Mongo_DB_Connector():48] MongoDB connection closed
[2020-12-25 18:26:48,367] INFO [unify_service] [C:\Users\CSC\Desktop\unificater\Lathish\Unificater-Backend\service\util\db_utils.py.Mongo_DB_Connector():39] Creating MongoDB connection
[2020-12-25 18:26:48,412] INFO [unify_service] [C:\Users\CSC\Desktop\unificater\Lathish\Unificater-Backend\service\util\db_utils.py.Mongo_DB_Connector():48] MongoDB connection closed
[2020-12-25 18:31:14,788] INFO [unify_service] [C:\Users\CSC\Desktop\unificater\Lathish\Unificater-Backend\service\util\db_utils.py.Mongo_DB_Connector():39] Creating MongoDB connection
[2020-12-25 18:31:14,860] INFO [unify_service] [C:\Users\CSC\Desktop\unificater\Lathish\Unificater-Backend\service\util\db_utils.py.Mongo_DB_Connector():48] MongoDB connection closed
[2020-12-25 18:32:53,188] INFO [unify_service] [C:\Users\CSC\Desktop\unificater\Lathish\Unificater-Backend\service\util\db_utils.py.Mongo_DB_Connector():39] Creating MongoDB connection
[2020-12-25 18:32:53,283] INFO [unify_service] [C:\Users\CSC\Desktop\unificater\Lathish\Unificater-Backend\service\util\db_utils.py.Mongo_DB_Connector():48] MongoDB connection closed
[2020-12-25 18:33:35,243] INFO [unify_service] [C:\Users\CSC\Desktop\unificater\Lathish\Unificater-Backend\service\util\db_utils.py.Mongo_DB_Connector():39] Creating MongoDB connection
[2020-12-25 18:33:35,341] INFO [unify_service] [C:\Users\CSC\Desktop\unificater\Lathish\Unificater-Backend\service\util\db_utils.py.Mongo_DB_Connector():48] MongoDB connection closed
[2020-12-25 18:34:45,737] INFO [unify_service] [C:\Users\CSC\Desktop\unificater\Lathish\Unificater-Backend\service\util\db_utils.py.Mongo_DB_Connector():39] Creating MongoDB connection
[2020-12-25 18:34:45,878] INFO [unify_service] [C:\Users\CSC\Desktop\unificater\Lathish\Unificater-Backend\service\util\db_utils.py.Mongo_DB_Connector():48] MongoDB connection closed
[2020-12-25 18:35:44,470] INFO [unify_service] [C:\Users\CSC\Desktop\unificater\Lathish\Unificater-Backend\service\util\db_utils.py.Mongo_DB_Connector():39] Creating MongoDB connection
[2020-12-25 18:35:44,602] INFO [unify_service] [C:\Users\CSC\Desktop\unificater\Lathish\Unificater-Backend\service\util\db_utils.py.Mongo_DB_Connector():48] MongoDB connection closed
[2020-12-25 18:37:02,027] INFO [unify_service] [C:\Users\CSC\Desktop\unificater\Lathish\Unificater-Backend\service\util\db_utils.py.Mongo_DB_Connector():39] Creating MongoDB connection
[2020-12-25 18:37:02,053] INFO [unify_service] [C:\Users\CSC\Desktop\unificater\Lathish\Unificater-Backend\service\util\db_utils.py.Mongo_DB_Connector():48] MongoDB connection closed
[2020-12-25 18:42:33,928] INFO [unify_service] [C:\Users\CSC\Desktop\unificater\Lathish\Unificater-Backend\service\util\db_utils.py.Mongo_DB_Connector():39] Creating MongoDB connection
[2020-12-25 18:42:34,133] INFO [unify_service] [C:\Users\CSC\Desktop\unificater\Lathish\Unificater-Backend\service\util\db_utils.py.Mongo_DB_Connector():48] MongoDB connection closed
[2020-12-25 19:06:42,255] INFO [unify_service] [C:\Users\CSC\Desktop\unificater\Lathish\Unificater-Backend\service\util\db_utils.py.Mongo_DB_Connector():39] Creating MongoDB connection
[2020-12-25 19:06:42,308] INFO [unify_service] [C:\Users\CSC\Desktop\unificater\Lathish\Unificater-Backend\service\util\db_utils.py.Mongo_DB_Connector():48] MongoDB connection closed
[2020-12-25 19:08:42,429] INFO [unify_service] [C:\Users\CSC\Desktop\unificater\Lathish\Unificater-Backend\service\util\db_utils.py.Mongo_DB_Connector():39] Creating MongoDB connection
[2020-12-25 19:08:42,470] INFO [unify_service] [C:\Users\CSC\Desktop\unificater\Lathish\Unificater-Backend\service\util\db_utils.py.Mongo_DB_Connector():48] MongoDB connection closed
[2020-12-25 19:10:14,040] INFO [unify_service] [C:\Users\CSC\Desktop\unificater\Lathish\Unificater-Backend\service\util\db_utils.py.Mongo_DB_Connector():39] Creating MongoDB connection
[2020-12-25 19:10:14,149] INFO [unify_service] [C:\Users\CSC\Desktop\unificater\Lathish\Unificater-Backend\service\util\db_utils.py.Mongo_DB_Connector():48] MongoDB connection closed
[2020-12-25 19:10:50,980] INFO [unify_service] [C:\Users\CSC\Desktop\unificater\Lathish\Unificater-Backend\service\util\db_utils.py.Mongo_DB_Connector():39] Creating MongoDB connection
[2020-12-25 19:10:51,056] INFO [unify_service] [C:\Users\CSC\Desktop\unificater\Lathish\Unificater-Backend\service\util\db_utils.py.Mongo_DB_Connector():48] MongoDB connection closed
[2020-12-25 19:13:51,650] INFO [unify_service] [C:\Users\CSC\Desktop\unificater\Lathish\Unificater-Backend\service\util\db_utils.py.Mongo_DB_Connector():39] Creating MongoDB connection
[2020-12-25 19:13:51,710] INFO [unify_service] [C:\Users\CSC\Desktop\unificater\Lathish\Unificater-Backend\service\util\db_utils.py.Mongo_DB_Connector():48] MongoDB connection closed
[2020-12-25 19:16:09,154] INFO [unify_service] [C:\Users\CSC\Desktop\unificater\Lathish\Unificater-Backend\service\util\db_utils.py.Mongo_DB_Connector():39] Creating MongoDB connection
[2020-12-25 19:16:09,191] INFO [unify_service] [C:\Users\CSC\Desktop\unificater\Lathish\Unificater-Backend\service\util\db_utils.py.Mongo_DB_Connector():48] MongoDB connection closed
[2020-12-25 19:16:32,736] INFO [unify_service] [C:\Users\CSC\Desktop\unificater\Lathish\Unificater-Backend\service\util\db_utils.py.Mongo_DB_Connector():39] Creating MongoDB connection
[2020-12-25 19:16:32,760] INFO [unify_service] [C:\Users\CSC\Desktop\unificater\Lathish\Unificater-Backend\service\util\db_utils.py.Mongo_DB_Connector():48] MongoDB connection closed
[2020-12-25 19:17:38,866] INFO [unify_service] [C:\Users\CSC\Desktop\unificater\Lathish\Unificater-Backend\service\util\db_utils.py.Mongo_DB_Connector():39] Creating MongoDB connection
[2020-12-25 19:17:38,944] INFO [unify_service] [C:\Users\CSC\Desktop\unificater\Lathish\Unificater-Backend\service\util\db_utils.py.Mongo_DB_Connector():48] MongoDB connection closed
[2020-12-25 19:18:07,991] INFO [unify_service] [C:\Users\CSC\Desktop\unificater\Lathish\Unificater-Backend\service\util\db_utils.py.Mongo_DB_Connector():39] Creating MongoDB connection
[2020-12-25 19:18:08,321] INFO [unify_service] [C:\Users\CSC\Desktop\unificater\Lathish\Unificater-Backend\service\util\db_utils.py.Mongo_DB_Connector():48] MongoDB connection closed
[2020-12-25 19:24:32,511] INFO [unify_service] [C:\Users\CSC\Desktop\unificater\Lathish\Unificater-Backend\service\util\db_utils.py.Mongo_DB_Connector():39] Creating MongoDB connection
[2020-12-25 19:24:32,554] INFO [unify_service] [C:\Users\CSC\Desktop\unificater\Lathish\Unificater-Backend\service\util\db_utils.py.Mongo_DB_Connector():48] MongoDB connection closed
[2020-12-25 19:30:00,277] INFO [unify_service] [C:\Users\CSC\Desktop\unificater\Lathish\Unificater-Backend\service\util\db_utils.py.Mongo_DB_Connector():39] Creating MongoDB connection
[2020-12-25 19:30:00,363] INFO [unify_service] [C:\Users\CSC\Desktop\unificater\Lathish\Unificater-Backend\service\util\db_utils.py.Mongo_DB_Connector():48] MongoDB connection closed
[2020-12-25 19:30:28,627] INFO [unify_service] [C:\Users\CSC\Desktop\unificater\Lathish\Unificater-Backend\service\util\db_utils.py.Mongo_DB_Connector():39] Creating MongoDB connection
[2020-12-25 19:30:28,661] INFO [unify_service] [C:\Users\CSC\Desktop\unificater\Lathish\Unificater-Backend\service\util\db_utils.py.Mongo_DB_Connector():48] MongoDB connection closed
[2020-12-25 19:30:54,421] INFO [unify_service] [C:\Users\CSC\Desktop\unificater\Lathish\Unificater-Backend\service\util\db_utils.py.Mongo_DB_Connector():39] Creating MongoDB connection
[2020-12-25 19:30:54,454] INFO [unify_service] [C:\Users\CSC\Desktop\unificater\Lathish\Unificater-Backend\service\util\db_utils.py.Mongo_DB_Connector():48] MongoDB connection closed
[2020-12-25 19:31:50,938] INFO [unify_service] [C:\Users\CSC\Desktop\unificater\Lathish\Unificater-Backend\service\util\db_utils.py.Mongo_DB_Connector():39] Creating MongoDB connection
[2020-12-25 19:31:50,969] INFO [unify_service] [C:\Users\CSC\Desktop\unificater\Lathish\Unificater-Backend\service\util\db_utils.py.Mongo_DB_Connector():48] MongoDB connection closed
[2020-12-25 19:35:25,879] INFO [unify_service] [C:\Users\CSC\Desktop\unificater\Lathish\Unificater-Backend\service\impl\single_file_impl.py.single_file_browser():21] single file browser
[2020-12-25 19:35:40,150] INFO [unify_service] [C:\Users\CSC\Desktop\unificater\Lathish\Unificater-Backend\service\util\db_utils.py.get_mongod_connection():12] Creating MongoDB connection
[2020-12-25 19:35:40,946] INFO [unify_service] [C:\Users\CSC\Desktop\unificater\Lathish\Unificater-Backend\service\util\db_utils.py.get_mongod_connection():21] MongoDB connection closed
[2020-12-25 19:37:19,995] INFO [unify_service] [C:\Users\CSC\Desktop\unificater\Lathish\Unificater-Backend\service\impl\master_json.py.get_flow():23] Get flow
[2020-12-25 19:37:20,051] INFO [unify_service] [C:\Users\CSC\Desktop\unificater\Lathish\Unificater-Backend\service\util\db_utils.py.get_mongod_connection():12] Creating MongoDB connection
[2020-12-25 19:37:20,245] INFO [unify_service] [C:\Users\CSC\Desktop\unificater\Lathish\Unificater-Backend\service\util\db_utils.py.get_mongod_connection():21] MongoDB connection closed
[2020-12-25 19:37:38,498] INFO [unify_service] [C:\Users\CSC\Desktop\unificater\Lathish\Unificater-Backend\service\impl\master_json.py.get_flow():23] Get flow
[2020-12-25 19:37:38,499] INFO [unify_service] [C:\Users\CSC\Desktop\unificater\Lathish\Unificater-Backend\service\util\db_utils.py.get_mongod_connection():12] Creating MongoDB connection
[2020-12-25 19:37:38,577] INFO [unify_service] [C:\Users\CSC\Desktop\unificater\Lathish\Unificater-Backend\service\util\db_utils.py.get_mongod_connection():21] MongoDB connection closed
